<?xml version="1.0" encoding="UTF-8"?>
<!-- Generated by org.testng.reporters.JUnitXMLReporter -->
<testsuite hostname="DESKTOP-1KMDQFU" failures="0" tests="3" name="Default test" time="14.287" errors="0" timestamp="12 Aug 2023 19:06:52 GMT">
  <testcase classname="com.hospiol.testcases.Logintest" name="verifygivenurl" time="0.032"/>
  <testcase classname="com.hospiol.testcases.Logintest" name="validatelogin" time="3.346"/>
  <testcase classname="com.hospiol.testcases.Logintest" name="validateurl" time="3.499"/>
</testsuite> <!-- Default test -->
