<?xml version="1.0" encoding="UTF-8"?>
<!-- Generated by org.testng.reporters.JUnitXMLReporter -->
<testsuite ignored="0" hostname="DESKTOP-VGCFTBT" failures="0" tests="3" name="Default test" time="21.912" errors="0" timestamp="2023-09-06T15:26:08 IST">
  <testcase classname="com.hospiol.testcases.Logintest" name="verifygivenurl" time="0.043"/>
  <testcase classname="com.hospiol.testcases.Logintest" name="validatelogin" time="4.357"/>
  <testcase classname="com.hospiol.testcases.Logintest" name="validateurl" time="4.232"/>
</testsuite> <!-- Default test -->
