<?xml version="1.0" encoding="UTF-8"?>
<testng-results total="3" passed="3" failed="0" skipped="0">
  <reporter-output>
  </reporter-output>
  <suite started-at="2023-08-12T19:06:38Z" name="Default suite" finished-at="2023-08-12T19:06:52Z" duration-ms="14287">
    <groups>
    </groups>
    <test started-at="2023-08-12T19:06:38Z" name="Default test" finished-at="2023-08-12T19:06:52Z" duration-ms="14287">
      <class name="com.hospiol.testcases.Logintest">
        <test-method is-config="true" signature="setup()[pri:0, instance:com.hospiol.testcases.Logintest@3b96c42e]" started-at="2023-08-13T00:36:38Z" name="setup" finished-at="2023-08-13T00:36:41Z" duration-ms="2744" status="PASS">
          <reporter-output>
          </reporter-output>
        </test-method> <!-- setup -->
        <test-method signature="verifygivenurl()[pri:1, instance:com.hospiol.testcases.Logintest@3b96c42e]" started-at="2023-08-13T00:36:41Z" name="verifygivenurl" description="Validating the given url" finished-at="2023-08-13T00:36:41Z" duration-ms="32" status="PASS">
          <reporter-output>
          </reporter-output>
        </test-method> <!-- verifygivenurl -->
        <test-method is-config="true" signature="teardown()[pri:0, instance:com.hospiol.testcases.Logintest@3b96c42e]" started-at="2023-08-13T00:36:41Z" name="teardown" finished-at="2023-08-13T00:36:41Z" duration-ms="107" status="PASS">
          <reporter-output>
          </reporter-output>
        </test-method> <!-- teardown -->
        <test-method is-config="true" signature="setup()[pri:0, instance:com.hospiol.testcases.Logintest@3b96c42e]" started-at="2023-08-13T00:36:41Z" name="setup" finished-at="2023-08-13T00:36:43Z" duration-ms="2275" status="PASS">
          <reporter-output>
          </reporter-output>
        </test-method> <!-- setup -->
        <test-method signature="validatelogin()[pri:2, instance:com.hospiol.testcases.Logintest@3b96c42e]" started-at="2023-08-13T00:36:43Z" name="validatelogin" description="Login functionality" finished-at="2023-08-13T00:36:46Z" duration-ms="3346" status="PASS">
          <reporter-output>
          </reporter-output>
        </test-method> <!-- validatelogin -->
        <test-method is-config="true" signature="teardown()[pri:0, instance:com.hospiol.testcases.Logintest@3b96c42e]" started-at="2023-08-13T00:36:46Z" name="teardown" finished-at="2023-08-13T00:36:47Z" duration-ms="135" status="PASS">
          <reporter-output>
          </reporter-output>
        </test-method> <!-- teardown -->
        <test-method is-config="true" signature="setup()[pri:0, instance:com.hospiol.testcases.Logintest@3b96c42e]" started-at="2023-08-13T00:36:47Z" name="setup" finished-at="2023-08-13T00:36:49Z" duration-ms="2024" status="PASS">
          <reporter-output>
          </reporter-output>
        </test-method> <!-- setup -->
        <test-method signature="validateurl()[pri:3, instance:com.hospiol.testcases.Logintest@3b96c42e]" started-at="2023-08-13T00:36:49Z" name="validateurl" description="Login functionality url verification" finished-at="2023-08-13T00:36:52Z" duration-ms="3499" status="PASS">
          <reporter-output>
          </reporter-output>
        </test-method> <!-- validateurl -->
        <test-method is-config="true" signature="teardown()[pri:0, instance:com.hospiol.testcases.Logintest@3b96c42e]" started-at="2023-08-13T00:36:52Z" name="teardown" finished-at="2023-08-13T00:36:52Z" duration-ms="96" status="PASS">
          <reporter-output>
          </reporter-output>
        </test-method> <!-- teardown -->
      </class> <!-- com.hospiol.testcases.Logintest -->
    </test> <!-- Default test -->
  </suite> <!-- Default suite -->
</testng-results>
